app/build/intermediates/manifest_merge_blame_file/debug/manifest-merger-blame-debug-report.txt
1<?xml version="1.0" encoding="utf-8"?>
2<manifest xmlns:android="http://schemas.android.com/apk/res/android"
3    package="com.telahome.campobomparaoesporte"
4    android:versionCode="1"
5    android:versionName="1.0" >
6
7    <uses-sdk
8        android:minSdkVersion="15"
8-->src\main\AndroidManifest.xml
9        android:targetSdkVersion="28" />
9-->src\main\AndroidManifest.xml
10    <!--
11         The ACCESS_COARSE/FINE_LOCATION permissions are not required to use
12         Google Maps Android API v2, but you must specify either coarse or fine
13         location permissions for the 'MyLocation' functionality.
14    -->
15    <uses-permission android:name="android.permission.ACCESS_FINE_LOCATION" />
15-->src\main\AndroidManifest.xml:9:5-79
15-->src\main\AndroidManifest.xml:9:22-76
16
17    <!-- Include required permissions for Google Maps API to run. -->
18    <uses-permission android:name="android.permission.ACCESS_NETWORK_STATE" />
18-->[com.google.android.gms:play-services-maps:16.1.0] AndroidManifest.xml:23:5-79
18-->[com.google.android.gms:play-services-maps:16.1.0] AndroidManifest.xml:23:22-76
19    <uses-permission android:name="android.permission.INTERNET" />
19-->[com.google.android.gms:play-services-maps:16.1.0] AndroidManifest.xml:24:5-67
19-->[com.google.android.gms:play-services-maps:16.1.0] AndroidManifest.xml:24:22-64
20
21    <uses-feature
21-->[com.google.android.gms:play-services-maps:16.1.0] AndroidManifest.xml:26:5-28:35
22        android:glEsVersion="0x00020000"
22-->[com.google.android.gms:play-services-maps:16.1.0] AndroidManifest.xml:27:9-41
23        android:required="true" />
23-->[com.google.android.gms:play-services-maps:16.1.0] AndroidManifest.xml:28:9-32
24
25    <application
25-->src\main\AndroidManifest.xml:11:5-51:19
26        android:allowBackup="true"
26-->src\main\AndroidManifest.xml:12:9-35
27        android:appComponentFactory="androidx.core.app.CoreComponentFactory"
27-->[androidx.core:core:1.1.0] AndroidManifest.xml:24:18-86
28        android:debuggable="true"
29        android:icon="@mipmap/ic_launcher"
29-->src\main\AndroidManifest.xml:13:9-43
30        android:label="@string/app_name"
30-->src\main\AndroidManifest.xml:14:9-41
31        android:roundIcon="@mipmap/ic_launcher_round"
31-->src\main\AndroidManifest.xml:15:9-54
32        android:supportsRtl="true"
32-->src\main\AndroidManifest.xml:16:9-35
33        android:theme="@style/AppTheme" >
33-->src\main\AndroidManifest.xml:17:9-40
34        <activity
34-->src\main\AndroidManifest.xml:18:9-21:68
35            android:name="com.telahome.campobomparaoesporte.LoginMapsActivity"
35-->src\main\AndroidManifest.xml:19:13-46
36            android:label="@string/title_activity_login_maps"
36-->src\main\AndroidManifest.xml:20:13-62
37            android:theme="@style/AppTheme.NoActionBar" />
37-->src\main\AndroidManifest.xml:21:13-56
38        <activity android:name="com.telahome.campobomparaoesporte.ConfiguracaoContaActivity" />
38-->src\main\AndroidManifest.xml:22:9-63
38-->src\main\AndroidManifest.xml:22:19-60
39        <activity android:name="com.telahome.campobomparaoesporte.CriacaoActivity" />
39-->src\main\AndroidManifest.xml:23:9-53
39-->src\main\AndroidManifest.xml:23:19-50
40        <activity android:name="com.telahome.campobomparaoesporte.Register2Activity" />
40-->src\main\AndroidManifest.xml:24:9-55
40-->src\main\AndroidManifest.xml:24:19-52
41        <activity android:name="com.telahome.campobomparaoesporte.RegisterActivity" />
41-->src\main\AndroidManifest.xml:25:9-54
41-->src\main\AndroidManifest.xml:25:19-51
42        <!--
43             The API key for Google Maps-based APIs is defined as a string resource.
44             (See the file "res/values/google_maps_api.xml").
45             Note that the API key is linked to the encryption key used to sign the APK.
46             You need a different API key for each encryption key, including the release key that is used to
47             sign the APK for publishing.
48             You can define the keys for the debug and release targets in src/debug/ and src/release/.
49        -->
50        <meta-data
50-->src\main\AndroidManifest.xml:34:9-36:55
51            android:name="com.google.android.geo.API_KEY"
51-->src\main\AndroidManifest.xml:35:13-58
52            android:value="@string/google_maps_key" />
52-->src\main\AndroidManifest.xml:36:13-52
53
54        <activity
54-->src\main\AndroidManifest.xml:38:9-40:59
55            android:name="com.telahome.campobomparaoesporte.MapsActivity"
55-->src\main\AndroidManifest.xml:39:13-41
56            android:label="@string/title_activity_maps" />
56-->src\main\AndroidManifest.xml:40:13-56
57        <activity
57-->src\main\AndroidManifest.xml:41:9-43:60
58            android:name="com.telahome.campobomparaoesporte.ui.login.LoginActivity"
58-->src\main\AndroidManifest.xml:42:13-51
59            android:label="@string/title_activity_login" />
59-->src\main\AndroidManifest.xml:43:13-57
60        <activity android:name="com.telahome.campobomparaoesporte.MainActivity" >
60-->src\main\AndroidManifest.xml:44:9-50:20
60-->src\main\AndroidManifest.xml:44:19-47
61            <intent-filter>
61-->src\main\AndroidManifest.xml:45:13-49:29
62                <action android:name="android.intent.action.MAIN" />
62-->src\main\AndroidManifest.xml:46:17-69
62-->src\main\AndroidManifest.xml:46:25-66
63
64                <category android:name="android.intent.category.LAUNCHER" />
64-->src\main\AndroidManifest.xml:48:17-77
64-->src\main\AndroidManifest.xml:48:27-74
65            </intent-filter>
66        </activity>
67        <!-- Needs to be explicitly declared on P+ -->
68        <uses-library
68-->[com.google.android.gms:play-services-maps:16.1.0] AndroidManifest.xml:33:9-35:40
69            android:name="org.apache.http.legacy"
69-->[com.google.android.gms:play-services-maps:16.1.0] AndroidManifest.xml:34:13-50
70            android:required="false" />
70-->[com.google.android.gms:play-services-maps:16.1.0] AndroidManifest.xml:35:13-37
71
72        <activity
72-->[com.google.android.gms:play-services-base:16.0.1] AndroidManifest.xml:23:9-26:75
73            android:name="com.google.android.gms.common.api.GoogleApiActivity"
73-->[com.google.android.gms:play-services-base:16.0.1] AndroidManifest.xml:24:13-79
74            android:exported="false"
74-->[com.google.android.gms:play-services-base:16.0.1] AndroidManifest.xml:25:13-37
75            android:theme="@android:style/Theme.Translucent.NoTitleBar" />
75-->[com.google.android.gms:play-services-base:16.0.1] AndroidManifest.xml:26:13-72
76
77        <meta-data
77-->[com.google.android.gms:play-services-basement:16.0.1] AndroidManifest.xml:23:9-25:69
78            android:name="com.google.android.gms.version"
78-->[com.google.android.gms:play-services-basement:16.0.1] AndroidManifest.xml:24:13-58
79            android:value="@integer/google_play_services_version" />
79-->[com.google.android.gms:play-services-basement:16.0.1] AndroidManifest.xml:25:13-66
80
81        <provider
81-->[androidx.lifecycle:lifecycle-process:2.1.0] AndroidManifest.xml:23:9-27:43
82            android:name="androidx.lifecycle.ProcessLifecycleOwnerInitializer"
82-->[androidx.lifecycle:lifecycle-process:2.1.0] AndroidManifest.xml:24:13-79
83            android:authorities="com.telahome.campobomparaoesporte.lifecycle-process"
83-->[androidx.lifecycle:lifecycle-process:2.1.0] AndroidManifest.xml:25:13-69
84            android:exported="false"
84-->[androidx.lifecycle:lifecycle-process:2.1.0] AndroidManifest.xml:26:13-37
85            android:multiprocess="true" />
85-->[androidx.lifecycle:lifecycle-process:2.1.0] AndroidManifest.xml:27:13-40
86    </application>
87
88</manifest>